<?xml version="1.0" encoding="UTF-8"?>
<!-- Generated by org.testng.reporters.JUnitXMLReporter -->
<testsuite hostname="EG-5CG8352HZP" ignored="0" name="WebSite TestCases" tests="3" failures="0" timestamp="2020-12-31T15:13:52 EET" time="138.778" errors="0">
  <testcase name="registerSuccessfully" time="12.817" classname="websiteTestCases.RegisterationTest"/>
  <testcase name="loginSuccessfully" time="5.883" classname="websiteTestCases.LoginTest"/>
  <testcase name="cartCheckOut" time="68.79" classname="websiteTestCases.CartCheckOutTest"/>
</testsuite> <!-- WebSite TestCases -->
