<?xml version="1.0" encoding="UTF-8"?>
<testng-results skipped="0" failed="0" ignored="0" total="2" passed="2">
  <reporter-output>
  </reporter-output>
  <suite name="API TestCases" duration-ms="7838" started-at="2020-12-31T15:32:39 EET" finished-at="2020-12-31T15:32:47 EET">
    <groups>
    </groups>
    <test name="API TestCases" duration-ms="7838" started-at="2020-12-31T15:32:39 EET" finished-at="2020-12-31T15:32:47 EET">
      <class name="APITestCases.GetPostByIdTest">
        <test-method status="PASS" signature="getPostById()[pri:0, instance:APITestCases.GetPostByIdTest@7f010382]" name="getPostById" duration-ms="939" started-at="2020-12-31T15:32:46 EET" finished-at="2020-12-31T15:32:47 EET">
          <reporter-output>
          </reporter-output>
        </test-method> <!-- getPostById -->
      </class> <!-- APITestCases.GetPostByIdTest -->
      <class name="APITestCases.CreatePostTest">
        <test-method status="PASS" signature="createPost()[pri:0, instance:APITestCases.CreatePostTest@4313f5bc]" name="createPost" duration-ms="6603" started-at="2020-12-31T15:32:39 EET" finished-at="2020-12-31T15:32:45 EET">
          <reporter-output>
          </reporter-output>
        </test-method> <!-- createPost -->
      </class> <!-- APITestCases.CreatePostTest -->
    </test> <!-- API TestCases -->
  </suite> <!-- API TestCases -->
</testng-results>
